Line 237: Class ShockwaveFlashObjectsCtl.ShockwaveFlash of control sflash_lc_gr_audio_1 was not a loaded control class.
Line 276: Class ShockwaveFlashObjectsCtl.ShockwaveFlash of control sflash_jcf_learn_and_revise was not a loaded control class.
Line 243: The property name _cx in sflash_lc_gr_audio_1 is invalid.
Line 244: The property name _cy in sflash_lc_gr_audio_1 is invalid.
Line 245: The property name FlashVars in sflash_lc_gr_audio_1 is invalid.
Line 246: The property name Movie in sflash_lc_gr_audio_1 is invalid.
Line 247: The property name Src in sflash_lc_gr_audio_1 is invalid.
Line 248: The property name WMode in sflash_lc_gr_audio_1 is invalid.
Line 249: The property name Play in sflash_lc_gr_audio_1 is invalid.
Line 250: The property name Loop in sflash_lc_gr_audio_1 is invalid.
Line 251: The property name Quality in sflash_lc_gr_audio_1 is invalid.
Line 252: The property name SAlign in sflash_lc_gr_audio_1 is invalid.
Line 253: The property name Menu in sflash_lc_gr_audio_1 is invalid.
Line 254: The property name Base in sflash_lc_gr_audio_1 is invalid.
Line 255: The property name AllowScriptAccess in sflash_lc_gr_audio_1 is invalid.
Line 256: The property name Scale in sflash_lc_gr_audio_1 is invalid.
Line 257: The property name DeviceFont in sflash_lc_gr_audio_1 is invalid.
Line 258: The property name EmbedMovie in sflash_lc_gr_audio_1 is invalid.
Line 259: The property name BGColor in sflash_lc_gr_audio_1 is invalid.
Line 260: The property name SWRemote in sflash_lc_gr_audio_1 is invalid.
Line 261: The property name MovieData in sflash_lc_gr_audio_1 is invalid.
Line 262: The property name SeamlessTabbing in sflash_lc_gr_audio_1 is invalid.
Line 263: The property name Profile in sflash_lc_gr_audio_1 is invalid.
Line 264: The property name ProfileAddress in sflash_lc_gr_audio_1 is invalid.
Line 265: The property name ProfilePort in sflash_lc_gr_audio_1 is invalid.
Line 266: The property name AllowNetworking in sflash_lc_gr_audio_1 is invalid.
Line 267: The property name AllowFullScreen in sflash_lc_gr_audio_1 is invalid.
Line 282: The property name _cx in sflash_jcf_learn_and_revise is invalid.
Line 283: The property name _cy in sflash_jcf_learn_and_revise is invalid.
Line 284: The property name FlashVars in sflash_jcf_learn_and_revise is invalid.
Line 285: The property name Movie in sflash_jcf_learn_and_revise is invalid.
Line 286: The property name Src in sflash_jcf_learn_and_revise is invalid.
Line 287: The property name WMode in sflash_jcf_learn_and_revise is invalid.
Line 288: The property name Play in sflash_jcf_learn_and_revise is invalid.
Line 289: The property name Loop in sflash_jcf_learn_and_revise is invalid.
Line 290: The property name Quality in sflash_jcf_learn_and_revise is invalid.
Line 291: The property name SAlign in sflash_jcf_learn_and_revise is invalid.
Line 292: The property name Menu in sflash_jcf_learn_and_revise is invalid.
Line 293: The property name Base in sflash_jcf_learn_and_revise is invalid.
Line 294: The property name AllowScriptAccess in sflash_jcf_learn_and_revise is invalid.
Line 295: The property name Scale in sflash_jcf_learn_and_revise is invalid.
Line 296: The property name DeviceFont in sflash_jcf_learn_and_revise is invalid.
Line 297: The property name EmbedMovie in sflash_jcf_learn_and_revise is invalid.
Line 298: The property name BGColor in sflash_jcf_learn_and_revise is invalid.
Line 299: The property name SWRemote in sflash_jcf_learn_and_revise is invalid.
Line 300: The property name MovieData in sflash_jcf_learn_and_revise is invalid.
Line 301: The property name SeamlessTabbing in sflash_jcf_learn_and_revise is invalid.
Line 302: The property name Profile in sflash_jcf_learn_and_revise is invalid.
Line 303: The property name ProfileAddress in sflash_jcf_learn_and_revise is invalid.
Line 304: The property name ProfilePort in sflash_jcf_learn_and_revise is invalid.
Line 305: The property name AllowNetworking in sflash_jcf_learn_and_revise is invalid.
Line 306: The property name AllowFullScreen in sflash_jcf_learn_and_revise is invalid.
