Line 357: Class Lingua.ActiveLock of control AL_JC_H_ALGEBRA was not a loaded control class.
Line 360: The property name _ExtentX in AL_JC_H_ALGEBRA is invalid.
Line 361: The property name _ExtentY in AL_JC_H_ALGEBRA is invalid.
Line 362: The property name SoftwareName in AL_JC_H_ALGEBRA is invalid.
Line 363: The property name SoftwarePassword in AL_JC_H_ALGEBRA is invalid.
Line 364: The property name LiberationKeyLength in AL_JC_H_ALGEBRA is invalid.
Line 365: The property name SoftwareCodeLength in AL_JC_H_ALGEBRA is invalid.
Line 366: The property name LockToHardDrive in AL_JC_H_ALGEBRA is invalid.
Line 367: The property name LockToWindowsSerial in AL_JC_H_ALGEBRA is invalid.
Line 368: The property name LockToRandomNumber in AL_JC_H_ALGEBRA is invalid.
Line 369: The property name LockToComputerName in AL_JC_H_ALGEBRA is invalid.
Line 370: The property name LockToMACAddress in AL_JC_H_ALGEBRA is invalid.
Line 371: The property name UseDataLock in AL_JC_H_ALGEBRA is invalid.
Line 372: The property name RegistryPath in AL_JC_H_ALGEBRA is invalid.
Line 373: The property name RegistryKey in AL_JC_H_ALGEBRA is invalid.
Line 374: The property name RegistryName in AL_JC_H_ALGEBRA is invalid.
Line 375: The property name RegistryHive in AL_JC_H_ALGEBRA is invalid.
Line 376: The property name LockToCustomString in AL_JC_H_ALGEBRA is invalid.
Line 377: The property name HashAlgorithm in AL_JC_H_ALGEBRA is invalid.
Line 378: The property name RegCounterKey in AL_JC_H_ALGEBRA is invalid.
Line 379: The property name RegLiberationKey in AL_JC_H_ALGEBRA is invalid.
Line 380: The property name RegLastRunDateKey in AL_JC_H_ALGEBRA is invalid.
Line 381: The property name RegInitialRunDateKey in AL_JC_H_ALGEBRA is invalid.
Line 382: The property name RegRandomKey in AL_JC_H_ALGEBRA is invalid.
